# JRE version: Java(TM) SE Runtime Environment (25.0.1+8) (build 25.0.1+8-LTS-27)
# Java VM: Java HotSpot(TM) 64-Bit Server VM (25.0.1+8-LTS-27, mixed mode, sharing, tiered, compressed oops, compressed class ptrs, g1 gc, windows-amd64)
GC Precious Log:
 CardTable entry size: 512
 Card Set container configuration: InlinePtr #cards 5 size 8 Array Of Cards #cards 10 size 36 Howl #buckets 4 coarsen threshold 1843 Howl Bitmap #cards 512 size 80 coarsen threshold 460 Card regions per heap region 1 cards per card region 2048
 CPUs: 12 total, 12 available
 Memory: 7875M
 Large Page Support: Disabled
 NUMA Support: Disabled
 Compressed Oops: Enabled (32-bit)
 Heap Region Size: 1M
 Heap Min Capacity: 8M
 Heap Initial Capacity: 124M
 Heap Max Capacity: 1970M
 Pre-touch: Disabled
 Parallel Workers: 10
 Concurrent Workers: 3
 Concurrent Refinement Workers: 10
 Periodic GC: Disabled
Heap:
 garbage-first heap   total reserved 2017280K, committed 174080K, used 125067K [0x0000000084e00000, 0x0000000100000000)
  region size 1024K, 76 young (77824K), 2 survivors (2048K)
GC Heap Usage History (20 events):
Event: 292.594 {heap Before GC invocations=56 (full 0):
 garbage-first heap   total reserved 2017280K, committed 183296K, used 151342K [0x0000000084e00000, 0x0000000100000000)
  region size 1024K, 85 young (87040K), 6 survivors (6144K)
}
Event: 292.598 {heap After GC invocations=57 (full 0):
 garbage-first heap   total reserved 2017280K, committed 183296K, used 66560K [0x0000000084e00000, 0x0000000100000000)
  region size 1024K, 1 young (1024K), 1 survivors (1024K)
}
Event: 5164.568 {heap Before GC invocations=57 (full 0):
 garbage-first heap   total reserved 2017280K, committed 183296K, used 167936K [0x0000000084e00000, 0x0000000100000000)
  region size 1024K, 100 young (102400K), 1 survivors (1024K)
}
Event: 5164.617 {heap After GC invocations=58 (full 0):
 garbage-first heap   total reserved 2017280K, committed 183296K, used 56306K [0x0000000084e00000, 0x0000000100000000)
  region size 1024K, 1 young (1024K), 1 survivors (1024K)
}
Event: 6491.369 {heap Before GC invocations=58 (full 0):
 garbage-first heap   total reserved 2017280K, committed 183296K, used 164850K [0x0000000084e00000, 0x0000000100000000)
  region size 1024K, 107 young (109568K), 1 survivors (1024K)
}
Event: 6491.444 {heap After GC invocations=59 (full 0):
 garbage-first heap   total reserved 2017280K, committed 183296K, used 56418K [0x0000000084e00000, 0x0000000100000000)
  region size 1024K, 1 young (1024K), 1 survivors (1024K)
}
Event: 7920.378 {heap Before GC invocations=60 (full 0):
 garbage-first heap   total reserved 2017280K, committed 183296K, used 164962K [0x0000000084e00000, 0x0000000100000000)
  region size 1024K, 107 young (109568K), 1 survivors (1024K)
}
Event: 7920.395 {heap After GC invocations=61 (full 0):
 garbage-first heap   total reserved 2017280K, committed 183296K, used 56471K [0x0000000084e00000, 0x0000000100000000)
  region size 1024K, 2 young (2048K), 2 survivors (2048K)
}
Event: 9241.585 {heap Before GC invocations=61 (full 0):
 garbage-first heap   total reserved 2017280K, committed 183296K, used 163991K [0x0000000084e00000, 0x0000000100000000)
  region size 1024K, 107 young (109568K), 2 survivors (2048K)
}
Event: 9241.686 {heap After GC invocations=62 (full 0):
 garbage-first heap   total reserved 2017280K, committed 183296K, used 51475K [0x0000000084e00000, 0x0000000100000000)
  region size 1024K, 1 young (1024K), 1 survivors (1024K)
}
Event: 10560.717 {heap Before GC invocations=62 (full 0):
 garbage-first heap   total reserved 2017280K, committed 183296K, used 160019K [0x0000000084e00000, 0x0000000100000000)
  region size 1024K, 107 young (109568K), 1 survivors (1024K)
}
Event: 10560.757 {heap After GC invocations=63 (full 0):
 garbage-first heap   total reserved 2017280K, committed 183296K, used 51616K [0x0000000084e00000, 0x0000000100000000)
  region size 1024K, 2 young (2048K), 2 survivors (2048K)
}
Event: 11826.445 {heap Before GC invocations=64 (full 0):
 garbage-first heap   total reserved 2017280K, committed 178176K, used 156064K [0x0000000084e00000, 0x0000000100000000)
  region size 1024K, 104 young (106496K), 2 survivors (2048K)
}
Event: 11826.461 {heap After GC invocations=65 (full 0):
 garbage-first heap   total reserved 2017280K, committed 178176K, used 51640K [0x0000000084e00000, 0x0000000100000000)
  region size 1024K, 2 young (2048K), 2 survivors (2048K)
}
Event: 17070.456 {heap Before GC invocations=65 (full 0):
 garbage-first heap   total reserved 2017280K, committed 178176K, used 156088K [0x0000000084e00000, 0x0000000100000000)
  region size 1024K, 104 young (106496K), 2 survivors (2048K)
}
Event: 17070.517 {heap After GC invocations=66 (full 0):
 garbage-first heap   total reserved 2017280K, committed 178176K, used 50294K [0x0000000084e00000, 0x0000000100000000)
  region size 1024K, 2 young (2048K), 2 survivors (2048K)
}
Event: 18323.911 {heap Before GC invocations=66 (full 0):
 garbage-first heap   total reserved 2017280K, committed 178176K, used 154742K [0x0000000084e00000, 0x0000000100000000)
  region size 1024K, 104 young (106496K), 2 survivors (2048K)
}
Event: 18323.973 {heap After GC invocations=67 (full 0):
 garbage-first heap   total reserved 2017280K, committed 178176K, used 50288K [0x0000000084e00000, 0x0000000100000000)
  region size 1024K, 2 young (2048K), 2 survivors (2048K)
}
Event: 19552.976 {heap Before GC invocations=68 (full 0):
 garbage-first heap   total reserved 2017280K, committed 174080K, used 152688K [0x0000000084e00000, 0x0000000100000000)
  region size 1024K, 102 young (104448K), 2 survivors (2048K)
}
Event: 19553.075 {heap After GC invocations=69 (full 0):
 garbage-first heap   total reserved 2017280K, committed 174080K, used 50315K [0x0000000084e00000, 0x0000000100000000)
  region size 1024K, 2 young (2048K), 2 survivors (2048K)
}

